<?xml version="1.0" encoding="UTF-8"?>
<!-- Generated by org.testng.reporters.JUnitXMLReporter -->
<testsuite hostname="DESKTOP-7SQ3OB6" ignored="0" name="Surefire test" tests="12" failures="0" timestamp="15 Apr 2020 11:07:51 GMT" time="479.271" errors="0">
  <testcase name="NavigateToContactsTest" time="10.59" classname="com.crm.qa.testcases.HomePageTest"/>
  <testcase name="validateHomePageTitleTest" time="0.027" classname="com.crm.qa.testcases.HomePageTest"/>
  <testcase name="LandingPageTitleTest" time="0.463" classname="com.crm.qa.testcases.LandingPageTest"/>
  <testcase name="LogInBtnClickTest" time="16.337" classname="com.crm.qa.testcases.LandingPageTest"/>
  <testcase name="freeCRMLogoTest" time="0.491" classname="com.crm.qa.testcases.LandingPageTest"/>
  <testcase name="loginTest" time="7.622" classname="com.crm.qa.testcases.LoginPageTest"/>
  <testcase name="validateLoginPageTitleTest" time="0.016" classname="com.crm.qa.testcases.LoginPageTest"/>
  <testcase name="createContactTest" time="6.653" classname="com.crm.qa.testcases.ContactsPageTest"/>
  <testcase name="createContactTest" time="6.724" classname="com.crm.qa.testcases.ContactsPageTest"/>
  <testcase name="createContactTest" time="7.169" classname="com.crm.qa.testcases.ContactsPageTest"/>
  <testcase name="createContactTest" time="7.691" classname="com.crm.qa.testcases.ContactsPageTest"/>
  <testcase name="selectContactsByNameTest" time="0.323" classname="com.crm.qa.testcases.ContactsPageTest"/>
</testsuite> <!-- Surefire test -->
