<?xml version="1.0" encoding="UTF-8"?>
<!-- Generated by org.testng.reporters.JUnitXMLReporter -->
<testsuite hostname="DESKTOP-7SQ3OB6" ignored="1" name="Default test" tests="1" failures="0" timestamp="18 Apr 2020 18:35:28 GMT" time="71.518" errors="0">
  <testcase name="selectContactsByNameTest" time="0.253" classname="com.crm.qa.testcases.ContactsPageTest"/>
  <testcase name="createContactTest" time="0.0" classname="com.crm.qa.testcases.ContactsPageTest">
    <ignored/>
  </testcase> <!-- createContactTest -->
</testsuite> <!-- Default test -->
