<?xml version="1.0" encoding="UTF-8"?>
<testng-results skipped="0" failed="0" ignored="0" total="4" passed="4">
  <reporter-output>
  </reporter-output>
  <suite name="Fre eCRM automation Test suite" duration-ms="122095" started-at="2020-04-25T14:08:45Z" finished-at="2020-04-25T14:10:47Z">
    <groups>
    </groups>
    <test name="Free CRM Test" duration-ms="122095" started-at="2020-04-25T14:08:45Z" finished-at="2020-04-25T14:10:47Z">
      <class name="com.crm.qa.testcases.HomePageTest">
        <test-method status="PASS" signature="setup()[pri:0, instance:com.crm.qa.testcases.HomePageTest@402f32ff]" name="setup" is-config="true" duration-ms="21246" started-at="2020-04-25T14:09:49Z" finished-at="2020-04-25T14:10:10Z">
          <reporter-output>
          </reporter-output>
        </test-method> <!-- setup -->
        <test-method status="PASS" signature="NavigateToContactsTest()[pri:0, instance:com.crm.qa.testcases.HomePageTest@402f32ff]" name="NavigateToContactsTest" duration-ms="6096" started-at="2020-04-25T14:10:10Z" finished-at="2020-04-25T14:10:16Z">
          <reporter-output>
          </reporter-output>
        </test-method> <!-- NavigateToContactsTest -->
        <test-method status="PASS" signature="tearDown()[pri:0, instance:com.crm.qa.testcases.HomePageTest@402f32ff]" name="tearDown" is-config="true" duration-ms="1326" started-at="2020-04-25T14:10:16Z" finished-at="2020-04-25T14:10:18Z">
          <reporter-output>
          </reporter-output>
        </test-method> <!-- tearDown -->
        <test-method status="PASS" signature="setup()[pri:0, instance:com.crm.qa.testcases.HomePageTest@402f32ff]" name="setup" is-config="true" duration-ms="27613" started-at="2020-04-25T14:10:18Z" finished-at="2020-04-25T14:10:45Z">
          <reporter-output>
          </reporter-output>
        </test-method> <!-- setup -->
        <test-method status="PASS" signature="validateHomePageTitleTest()[pri:0, instance:com.crm.qa.testcases.HomePageTest@402f32ff]" name="validateHomePageTitleTest" duration-ms="20" started-at="2020-04-25T14:10:45Z" finished-at="2020-04-25T14:10:45Z">
          <reporter-output>
          </reporter-output>
        </test-method> <!-- validateHomePageTitleTest -->
        <test-method status="PASS" signature="tearDown()[pri:0, instance:com.crm.qa.testcases.HomePageTest@402f32ff]" name="tearDown" is-config="true" duration-ms="1675" started-at="2020-04-25T14:10:45Z" finished-at="2020-04-25T14:10:47Z">
          <reporter-output>
          </reporter-output>
        </test-method> <!-- tearDown -->
      </class> <!-- com.crm.qa.testcases.HomePageTest -->
      <class name="com.crm.qa.testcases.LoginPageTest">
        <test-method status="PASS" signature="setup()[pri:0, instance:com.crm.qa.testcases.LoginPageTest@48eff760]" name="setup" is-config="true" duration-ms="33922" started-at="2020-04-25T14:08:45Z" finished-at="2020-04-25T14:09:19Z">
          <reporter-output>
          </reporter-output>
        </test-method> <!-- setup -->
        <test-method status="PASS" signature="loginTest()[pri:0, instance:com.crm.qa.testcases.LoginPageTest@48eff760]" name="loginTest" duration-ms="4100" started-at="2020-04-25T14:09:19Z" finished-at="2020-04-25T14:09:23Z">
          <reporter-output>
          </reporter-output>
        </test-method> <!-- loginTest -->
        <test-method status="PASS" signature="tearDown()[pri:0, instance:com.crm.qa.testcases.LoginPageTest@48eff760]" name="tearDown" is-config="true" duration-ms="1631" started-at="2020-04-25T14:09:23Z" finished-at="2020-04-25T14:09:24Z">
          <reporter-output>
          </reporter-output>
        </test-method> <!-- tearDown -->
        <test-method status="PASS" signature="setup()[pri:0, instance:com.crm.qa.testcases.LoginPageTest@48eff760]" name="setup" is-config="true" duration-ms="23468" started-at="2020-04-25T14:09:24Z" finished-at="2020-04-25T14:09:48Z">
          <reporter-output>
          </reporter-output>
        </test-method> <!-- setup -->
        <test-method status="PASS" signature="validateLoginPageTitleTest()[pri:0, instance:com.crm.qa.testcases.LoginPageTest@48eff760]" name="validateLoginPageTitleTest" duration-ms="10" started-at="2020-04-25T14:09:48Z" finished-at="2020-04-25T14:09:48Z">
          <reporter-output>
          </reporter-output>
        </test-method> <!-- validateLoginPageTitleTest -->
        <test-method status="PASS" signature="tearDown()[pri:0, instance:com.crm.qa.testcases.LoginPageTest@48eff760]" name="tearDown" is-config="true" duration-ms="953" started-at="2020-04-25T14:09:48Z" finished-at="2020-04-25T14:09:49Z">
          <reporter-output>
          </reporter-output>
        </test-method> <!-- tearDown -->
      </class> <!-- com.crm.qa.testcases.LoginPageTest -->
    </test> <!-- Free CRM Test -->
  </suite> <!-- Fre eCRM automation Test suite -->
</testng-results>
