<?xml version="1.0" encoding="UTF-8"?>
<testng-results skipped="0" failed="0" ignored="0" total="12" passed="12">
  <reporter-output>
  </reporter-output>
  <suite name="Surefire suite" duration-ms="479271" started-at="2020-04-15T10:59:52Z" finished-at="2020-04-15T11:07:51Z">
    <groups>
    </groups>
    <test name="Surefire test" duration-ms="479271" started-at="2020-04-15T10:59:52Z" finished-at="2020-04-15T11:07:51Z">
      <class name="com.crm.qa.testcases.HomePageTest">
        <test-method status="PASS" signature="setup()[pri:0, instance:com.crm.qa.testcases.HomePageTest@6a2bcfcb]" name="setup" is-config="true" duration-ms="79553" started-at="2020-04-15T10:59:52Z" finished-at="2020-04-15T11:01:11Z">
          <reporter-output>
          </reporter-output>
        </test-method> <!-- setup -->
        <test-method status="PASS" signature="NavigateToContactsTest()[pri:0, instance:com.crm.qa.testcases.HomePageTest@6a2bcfcb]" name="NavigateToContactsTest" duration-ms="10590" started-at="2020-04-15T11:01:11Z" finished-at="2020-04-15T11:01:22Z">
          <reporter-output>
          </reporter-output>
        </test-method> <!-- NavigateToContactsTest -->
        <test-method status="PASS" signature="tearDown()[pri:0, instance:com.crm.qa.testcases.HomePageTest@6a2bcfcb]" name="tearDown" is-config="true" duration-ms="1669" started-at="2020-04-15T11:01:22Z" finished-at="2020-04-15T11:01:24Z">
          <reporter-output>
          </reporter-output>
        </test-method> <!-- tearDown -->
        <test-method status="PASS" signature="setup()[pri:0, instance:com.crm.qa.testcases.HomePageTest@6a2bcfcb]" name="setup" is-config="true" duration-ms="31853" started-at="2020-04-15T11:01:24Z" finished-at="2020-04-15T11:01:56Z">
          <reporter-output>
          </reporter-output>
        </test-method> <!-- setup -->
        <test-method status="PASS" signature="validateHomePageTitleTest()[pri:0, instance:com.crm.qa.testcases.HomePageTest@6a2bcfcb]" name="validateHomePageTitleTest" duration-ms="27" started-at="2020-04-15T11:01:56Z" finished-at="2020-04-15T11:01:56Z">
          <reporter-output>
          </reporter-output>
        </test-method> <!-- validateHomePageTitleTest -->
        <test-method status="PASS" signature="tearDown()[pri:0, instance:com.crm.qa.testcases.HomePageTest@6a2bcfcb]" name="tearDown" is-config="true" duration-ms="1483" started-at="2020-04-15T11:01:56Z" finished-at="2020-04-15T11:01:57Z">
          <reporter-output>
          </reporter-output>
        </test-method> <!-- tearDown -->
      </class> <!-- com.crm.qa.testcases.HomePageTest -->
      <class name="com.crm.qa.testcases.ContactsPageTest">
        <test-method status="PASS" signature="setup()[pri:0, instance:com.crm.qa.testcases.ContactsPageTest@1efbd816]" name="setup" is-config="true" duration-ms="32487" started-at="2020-04-15T11:04:28Z" finished-at="2020-04-15T11:05:00Z">
          <reporter-output>
          </reporter-output>
        </test-method> <!-- setup -->
        <test-method status="PASS" signature="createContactTest(java.lang.String, java.lang.String, java.lang.String, java.lang.String)[pri:1, instance:com.crm.qa.testcases.ContactsPageTest@1efbd816]" name="createContactTest" duration-ms="6653" started-at="2020-04-15T11:05:00Z" data-provider="createContactTestData" finished-at="2020-04-15T11:05:07Z">
          <params>
            <param index="0">
              <value>
                <![CDATA[TestTom]]>
              </value>
            </param>
            <param index="1">
              <value>
                <![CDATA[Peter]]>
              </value>
            </param>
            <param index="2">
              <value>
                <![CDATA[Google]]>
              </value>
            </param>
            <param index="3">
              <value>
                <![CDATA[Testtom.peter@yopmail.com]]>
              </value>
            </param>
          </params>
          <reporter-output>
          </reporter-output>
        </test-method> <!-- createContactTest -->
        <test-method status="PASS" signature="tearDown()[pri:0, instance:com.crm.qa.testcases.ContactsPageTest@1efbd816]" name="tearDown" is-config="true" duration-ms="1011" started-at="2020-04-15T11:05:07Z" finished-at="2020-04-15T11:05:08Z">
          <reporter-output>
          </reporter-output>
        </test-method> <!-- tearDown -->
        <test-method status="PASS" signature="setup()[pri:0, instance:com.crm.qa.testcases.ContactsPageTest@1efbd816]" name="setup" is-config="true" duration-ms="31208" started-at="2020-04-15T11:05:08Z" finished-at="2020-04-15T11:05:39Z">
          <reporter-output>
          </reporter-output>
        </test-method> <!-- setup -->
        <test-method status="PASS" signature="createContactTest(java.lang.String, java.lang.String, java.lang.String, java.lang.String)[pri:1, instance:com.crm.qa.testcases.ContactsPageTest@1efbd816]" name="createContactTest" duration-ms="6724" started-at="2020-04-15T11:05:39Z" data-provider="createContactTestData" finished-at="2020-04-15T11:05:46Z">
          <params>
            <param index="0">
              <value>
                <![CDATA[TestDavid]]>
              </value>
            </param>
            <param index="1">
              <value>
                <![CDATA[Chris]]>
              </value>
            </param>
            <param index="2">
              <value>
                <![CDATA[Amazon]]>
              </value>
            </param>
            <param index="3">
              <value>
                <![CDATA[Testtom.peter@yopmail.com]]>
              </value>
            </param>
          </params>
          <reporter-output>
          </reporter-output>
        </test-method> <!-- createContactTest -->
        <test-method status="PASS" signature="tearDown()[pri:0, instance:com.crm.qa.testcases.ContactsPageTest@1efbd816]" name="tearDown" is-config="true" duration-ms="1013" started-at="2020-04-15T11:05:46Z" finished-at="2020-04-15T11:05:47Z">
          <reporter-output>
          </reporter-output>
        </test-method> <!-- tearDown -->
        <test-method status="PASS" signature="setup()[pri:0, instance:com.crm.qa.testcases.ContactsPageTest@1efbd816]" name="setup" is-config="true" duration-ms="36309" started-at="2020-04-15T11:05:47Z" finished-at="2020-04-15T11:06:23Z">
          <reporter-output>
          </reporter-output>
        </test-method> <!-- setup -->
        <test-method status="PASS" signature="createContactTest(java.lang.String, java.lang.String, java.lang.String, java.lang.String)[pri:1, instance:com.crm.qa.testcases.ContactsPageTest@1efbd816]" name="createContactTest" duration-ms="7169" started-at="2020-04-15T11:06:23Z" data-provider="createContactTestData" finished-at="2020-04-15T11:06:31Z">
          <params>
            <param index="0">
              <value>
                <![CDATA[TestRahul]]>
              </value>
            </param>
            <param index="1">
              <value>
                <![CDATA[Dravid]]>
              </value>
            </param>
            <param index="2">
              <value>
                <![CDATA[BCCI]]>
              </value>
            </param>
            <param index="3">
              <value>
                <![CDATA[Testtom.peter@yopmail.com]]>
              </value>
            </param>
          </params>
          <reporter-output>
          </reporter-output>
        </test-method> <!-- createContactTest -->
        <test-method status="PASS" signature="tearDown()[pri:0, instance:com.crm.qa.testcases.ContactsPageTest@1efbd816]" name="tearDown" is-config="true" duration-ms="949" started-at="2020-04-15T11:06:31Z" finished-at="2020-04-15T11:06:31Z">
          <reporter-output>
          </reporter-output>
        </test-method> <!-- tearDown -->
        <test-method status="PASS" signature="setup()[pri:0, instance:com.crm.qa.testcases.ContactsPageTest@1efbd816]" name="setup" is-config="true" duration-ms="33588" started-at="2020-04-15T11:06:31Z" finished-at="2020-04-15T11:07:05Z">
          <reporter-output>
          </reporter-output>
        </test-method> <!-- setup -->
        <test-method status="PASS" signature="createContactTest(java.lang.String, java.lang.String, java.lang.String, java.lang.String)[pri:1, instance:com.crm.qa.testcases.ContactsPageTest@1efbd816]" name="createContactTest" duration-ms="7691" started-at="2020-04-15T11:07:05Z" data-provider="createContactTestData" finished-at="2020-04-15T11:07:13Z">
          <params>
            <param index="0">
              <value>
                <![CDATA[TestInzy]]>
              </value>
            </param>
            <param index="1">
              <value>
                <![CDATA[Ul haq]]>
              </value>
            </param>
            <param index="2">
              <value>
                <![CDATA[PCB]]>
              </value>
            </param>
            <param index="3">
              <value>
                <![CDATA[Testtom.peter@yopmail.com]]>
              </value>
            </param>
          </params>
          <reporter-output>
          </reporter-output>
        </test-method> <!-- createContactTest -->
        <test-method status="PASS" signature="tearDown()[pri:0, instance:com.crm.qa.testcases.ContactsPageTest@1efbd816]" name="tearDown" is-config="true" duration-ms="944" started-at="2020-04-15T11:07:13Z" finished-at="2020-04-15T11:07:14Z">
          <reporter-output>
          </reporter-output>
        </test-method> <!-- tearDown -->
        <test-method status="PASS" signature="setup()[pri:0, instance:com.crm.qa.testcases.ContactsPageTest@1efbd816]" name="setup" is-config="true" duration-ms="36037" started-at="2020-04-15T11:07:14Z" finished-at="2020-04-15T11:07:50Z">
          <reporter-output>
          </reporter-output>
        </test-method> <!-- setup -->
        <test-method status="PASS" signature="selectContactsByNameTest()[pri:2, instance:com.crm.qa.testcases.ContactsPageTest@1efbd816]" name="selectContactsByNameTest" duration-ms="323" started-at="2020-04-15T11:07:50Z" finished-at="2020-04-15T11:07:50Z">
          <reporter-output>
          </reporter-output>
        </test-method> <!-- selectContactsByNameTest -->
        <test-method status="PASS" signature="tearDown()[pri:0, instance:com.crm.qa.testcases.ContactsPageTest@1efbd816]" name="tearDown" is-config="true" duration-ms="1018" started-at="2020-04-15T11:07:50Z" finished-at="2020-04-15T11:07:51Z">
          <reporter-output>
          </reporter-output>
        </test-method> <!-- tearDown -->
      </class> <!-- com.crm.qa.testcases.ContactsPageTest -->
      <class name="com.crm.qa.testcases.LoginPageTest">
        <test-method status="PASS" signature="setup()[pri:0, instance:com.crm.qa.testcases.LoginPageTest@3c756e4d]" name="setup" is-config="true" duration-ms="31108" started-at="2020-04-15T11:03:07Z" finished-at="2020-04-15T11:03:38Z">
          <reporter-output>
          </reporter-output>
        </test-method> <!-- setup -->
        <test-method status="PASS" signature="loginTest()[pri:0, instance:com.crm.qa.testcases.LoginPageTest@3c756e4d]" name="loginTest" duration-ms="7622" started-at="2020-04-15T11:03:38Z" finished-at="2020-04-15T11:03:46Z">
          <reporter-output>
          </reporter-output>
        </test-method> <!-- loginTest -->
        <test-method status="PASS" signature="tearDown()[pri:0, instance:com.crm.qa.testcases.LoginPageTest@3c756e4d]" name="tearDown" is-config="true" duration-ms="2071" started-at="2020-04-15T11:03:46Z" finished-at="2020-04-15T11:03:48Z">
          <reporter-output>
          </reporter-output>
        </test-method> <!-- tearDown -->
        <test-method status="PASS" signature="setup()[pri:0, instance:com.crm.qa.testcases.LoginPageTest@3c756e4d]" name="setup" is-config="true" duration-ms="36230" started-at="2020-04-15T11:03:48Z" finished-at="2020-04-15T11:04:24Z">
          <reporter-output>
          </reporter-output>
        </test-method> <!-- setup -->
        <test-method status="PASS" signature="validateLoginPageTitleTest()[pri:0, instance:com.crm.qa.testcases.LoginPageTest@3c756e4d]" name="validateLoginPageTitleTest" duration-ms="16" started-at="2020-04-15T11:04:24Z" finished-at="2020-04-15T11:04:24Z">
          <reporter-output>
          </reporter-output>
        </test-method> <!-- validateLoginPageTitleTest -->
        <test-method status="PASS" signature="tearDown()[pri:0, instance:com.crm.qa.testcases.LoginPageTest@3c756e4d]" name="tearDown" is-config="true" duration-ms="1278" started-at="2020-04-15T11:04:24Z" finished-at="2020-04-15T11:04:26Z">
          <reporter-output>
          </reporter-output>
        </test-method> <!-- tearDown -->
      </class> <!-- com.crm.qa.testcases.LoginPageTest -->
      <class name="com.crm.qa.testcases.LandingPageTest">
        <test-method status="PASS" signature="setUp()[pri:0, instance:com.crm.qa.testcases.LandingPageTest@4de8b406]" name="setUp" is-config="true" duration-ms="14417" started-at="2020-04-15T11:01:57Z" finished-at="2020-04-15T11:02:12Z">
          <reporter-output>
          </reporter-output>
        </test-method> <!-- setUp -->
        <test-method status="PASS" signature="LandingPageTitleTest()[pri:0, instance:com.crm.qa.testcases.LandingPageTest@4de8b406]" name="LandingPageTitleTest" duration-ms="463" started-at="2020-04-15T11:02:12Z" finished-at="2020-04-15T11:02:12Z">
          <reporter-output>
          </reporter-output>
        </test-method> <!-- LandingPageTitleTest -->
        <test-method status="PASS" signature="tearDown()[pri:0, instance:com.crm.qa.testcases.LandingPageTest@4de8b406]" name="tearDown" is-config="true" duration-ms="885" started-at="2020-04-15T11:02:12Z" finished-at="2020-04-15T11:02:13Z">
          <reporter-output>
          </reporter-output>
        </test-method> <!-- tearDown -->
        <test-method status="PASS" signature="setUp()[pri:0, instance:com.crm.qa.testcases.LandingPageTest@4de8b406]" name="setUp" is-config="true" duration-ms="17733" started-at="2020-04-15T11:02:13Z" finished-at="2020-04-15T11:02:31Z">
          <reporter-output>
          </reporter-output>
        </test-method> <!-- setUp -->
        <test-method status="PASS" signature="LogInBtnClickTest()[pri:0, instance:com.crm.qa.testcases.LandingPageTest@4de8b406]" name="LogInBtnClickTest" duration-ms="16337" started-at="2020-04-15T11:02:31Z" finished-at="2020-04-15T11:02:47Z">
          <reporter-output>
          </reporter-output>
        </test-method> <!-- LogInBtnClickTest -->
        <test-method status="PASS" signature="tearDown()[pri:0, instance:com.crm.qa.testcases.LandingPageTest@4de8b406]" name="tearDown" is-config="true" duration-ms="1225" started-at="2020-04-15T11:02:47Z" finished-at="2020-04-15T11:02:48Z">
          <reporter-output>
          </reporter-output>
        </test-method> <!-- tearDown -->
        <test-method status="PASS" signature="setUp()[pri:0, instance:com.crm.qa.testcases.LandingPageTest@4de8b406]" name="setUp" is-config="true" duration-ms="17721" started-at="2020-04-15T11:02:48Z" finished-at="2020-04-15T11:03:06Z">
          <reporter-output>
          </reporter-output>
        </test-method> <!-- setUp -->
        <test-method status="PASS" signature="freeCRMLogoTest()[pri:0, instance:com.crm.qa.testcases.LandingPageTest@4de8b406]" name="freeCRMLogoTest" duration-ms="491" started-at="2020-04-15T11:03:06Z" finished-at="2020-04-15T11:03:06Z">
          <reporter-output>
          </reporter-output>
        </test-method> <!-- freeCRMLogoTest -->
        <test-method status="PASS" signature="tearDown()[pri:0, instance:com.crm.qa.testcases.LandingPageTest@4de8b406]" name="tearDown" is-config="true" duration-ms="824" started-at="2020-04-15T11:03:06Z" finished-at="2020-04-15T11:03:07Z">
          <reporter-output>
          </reporter-output>
        </test-method> <!-- tearDown -->
      </class> <!-- com.crm.qa.testcases.LandingPageTest -->
    </test> <!-- Surefire test -->
  </suite> <!-- Surefire suite -->
</testng-results>
