<?xml version="1.0" encoding="UTF-8"?>
<testng-results skipped="0" failed="0" ignored="0" total="4" passed="4">
  <reporter-output>
  </reporter-output>
  <suite name="Fre eCRM automation Test suite" duration-ms="115889" started-at="2020-04-25T14:14:54Z" finished-at="2020-04-25T14:16:50Z">
    <groups>
    </groups>
    <test name="Free CRM Test" duration-ms="115889" started-at="2020-04-25T14:14:54Z" finished-at="2020-04-25T14:16:50Z">
      <class name="com.crm.qa.testcases.HomePageTest">
        <test-method status="PASS" signature="setup()[pri:0, instance:com.crm.qa.testcases.HomePageTest@5f341870]" name="setup" is-config="true" duration-ms="25490" started-at="2020-04-25T14:15:53Z" finished-at="2020-04-25T14:16:19Z">
          <reporter-output>
          </reporter-output>
        </test-method> <!-- setup -->
        <test-method status="PASS" signature="NavigateToContactsTest()[pri:0, instance:com.crm.qa.testcases.HomePageTest@5f341870]" name="NavigateToContactsTest" duration-ms="3439" started-at="2020-04-25T14:16:19Z" finished-at="2020-04-25T14:16:22Z">
          <reporter-output>
          </reporter-output>
        </test-method> <!-- NavigateToContactsTest -->
        <test-method status="PASS" signature="tearDown()[pri:0, instance:com.crm.qa.testcases.HomePageTest@5f341870]" name="tearDown" is-config="true" duration-ms="1836" started-at="2020-04-25T14:16:22Z" finished-at="2020-04-25T14:16:24Z">
          <reporter-output>
          </reporter-output>
        </test-method> <!-- tearDown -->
        <test-method status="PASS" signature="setup()[pri:0, instance:com.crm.qa.testcases.HomePageTest@5f341870]" name="setup" is-config="true" duration-ms="23604" started-at="2020-04-25T14:16:24Z" finished-at="2020-04-25T14:16:48Z">
          <reporter-output>
          </reporter-output>
        </test-method> <!-- setup -->
        <test-method status="PASS" signature="validateHomePageTitleTest()[pri:0, instance:com.crm.qa.testcases.HomePageTest@5f341870]" name="validateHomePageTitleTest" duration-ms="37" started-at="2020-04-25T14:16:48Z" finished-at="2020-04-25T14:16:48Z">
          <reporter-output>
          </reporter-output>
        </test-method> <!-- validateHomePageTitleTest -->
        <test-method status="PASS" signature="tearDown()[pri:0, instance:com.crm.qa.testcases.HomePageTest@5f341870]" name="tearDown" is-config="true" duration-ms="1621" started-at="2020-04-25T14:16:48Z" finished-at="2020-04-25T14:16:50Z">
          <reporter-output>
          </reporter-output>
        </test-method> <!-- tearDown -->
      </class> <!-- com.crm.qa.testcases.HomePageTest -->
      <class name="com.crm.qa.testcases.LoginPageTest">
        <test-method status="PASS" signature="setup()[pri:0, instance:com.crm.qa.testcases.LoginPageTest@14bf9759]" name="setup" is-config="true" duration-ms="31695" started-at="2020-04-25T14:14:54Z" finished-at="2020-04-25T14:15:25Z">
          <reporter-output>
          </reporter-output>
        </test-method> <!-- setup -->
        <test-method status="PASS" signature="loginTest()[pri:0, instance:com.crm.qa.testcases.LoginPageTest@14bf9759]" name="loginTest" duration-ms="3988" started-at="2020-04-25T14:15:25Z" finished-at="2020-04-25T14:15:29Z">
          <reporter-output>
          </reporter-output>
        </test-method> <!-- loginTest -->
        <test-method status="PASS" signature="tearDown()[pri:0, instance:com.crm.qa.testcases.LoginPageTest@14bf9759]" name="tearDown" is-config="true" duration-ms="1427" started-at="2020-04-25T14:15:29Z" finished-at="2020-04-25T14:15:31Z">
          <reporter-output>
          </reporter-output>
        </test-method> <!-- tearDown -->
        <test-method status="PASS" signature="setup()[pri:0, instance:com.crm.qa.testcases.LoginPageTest@14bf9759]" name="setup" is-config="true" duration-ms="21084" started-at="2020-04-25T14:15:31Z" finished-at="2020-04-25T14:15:52Z">
          <reporter-output>
          </reporter-output>
        </test-method> <!-- setup -->
        <test-method status="PASS" signature="validateLoginPageTitleTest()[pri:0, instance:com.crm.qa.testcases.LoginPageTest@14bf9759]" name="validateLoginPageTitleTest" duration-ms="25" started-at="2020-04-25T14:15:52Z" finished-at="2020-04-25T14:15:52Z">
          <reporter-output>
          </reporter-output>
        </test-method> <!-- validateLoginPageTitleTest -->
        <test-method status="PASS" signature="tearDown()[pri:0, instance:com.crm.qa.testcases.LoginPageTest@14bf9759]" name="tearDown" is-config="true" duration-ms="1552" started-at="2020-04-25T14:15:52Z" finished-at="2020-04-25T14:15:53Z">
          <reporter-output>
          </reporter-output>
        </test-method> <!-- tearDown -->
      </class> <!-- com.crm.qa.testcases.LoginPageTest -->
    </test> <!-- Free CRM Test -->
  </suite> <!-- Fre eCRM automation Test suite -->
</testng-results>
