<?xml version="1.0" encoding="UTF-8"?>
<testng-results skipped="0" failed="0" ignored="1" total="2" passed="1">
  <reporter-output>
  </reporter-output>
  <suite name="Default suite" duration-ms="71518" started-at="2020-04-18T18:34:16Z" finished-at="2020-04-18T18:35:28Z">
    <groups>
    </groups>
    <test name="Default test" duration-ms="71518" started-at="2020-04-18T18:34:16Z" finished-at="2020-04-18T18:35:28Z">
      <class name="com.crm.qa.testcases.ContactsPageTest">
        <test-method status="PASS" signature="setup()[pri:0, instance:com.crm.qa.testcases.ContactsPageTest@271053e1]" name="setup" is-config="true" duration-ms="70157" started-at="2020-04-18T18:34:16Z" finished-at="2020-04-18T18:35:26Z">
          <reporter-output>
          </reporter-output>
        </test-method> <!-- setup -->
        <test-method status="PASS" signature="selectContactsByNameTest()[pri:2, instance:com.crm.qa.testcases.ContactsPageTest@271053e1]" name="selectContactsByNameTest" duration-ms="253" started-at="2020-04-18T18:35:26Z" finished-at="2020-04-18T18:35:27Z">
          <reporter-output>
          </reporter-output>
        </test-method> <!-- selectContactsByNameTest -->
        <test-method status="PASS" signature="tearDown()[pri:0, instance:com.crm.qa.testcases.ContactsPageTest@271053e1]" name="tearDown" is-config="true" duration-ms="1063" started-at="2020-04-18T18:35:27Z" finished-at="2020-04-18T18:35:28Z">
          <reporter-output>
          </reporter-output>
        </test-method> <!-- tearDown -->
      </class> <!-- com.crm.qa.testcases.ContactsPageTest -->
    </test> <!-- Default test -->
  </suite> <!-- Default suite -->
</testng-results>
