<?xml version="1.0" encoding="UTF-8"?>
<!-- Generated by org.testng.reporters.JUnitXMLReporter -->
<testsuite hostname="DESKTOP-7SQ3OB6" ignored="0" name="Free CRM Test" tests="4" failures="0" timestamp="25 Apr 2020 14:16:50 GMT" time="115.889" errors="0">
  <testcase name="loginTest" time="3.988" classname="com.crm.qa.testcases.LoginPageTest"/>
  <testcase name="validateLoginPageTitleTest" time="0.025" classname="com.crm.qa.testcases.LoginPageTest"/>
  <testcase name="NavigateToContactsTest" time="3.439" classname="com.crm.qa.testcases.HomePageTest"/>
  <testcase name="validateHomePageTitleTest" time="0.037" classname="com.crm.qa.testcases.HomePageTest"/>
</testsuite> <!-- Free CRM Test -->
