<?xml version="1.0" encoding="UTF-8"?>
<!-- Generated by org.testng.reporters.JUnitXMLReporter -->
<testsuite hostname="DESKTOP-7SQ3OB6" ignored="0" name="Free CRM Test" tests="3" failures="0" timestamp="18 Apr 2020 20:21:17 GMT" time="48.103" errors="0">
  <testcase name="LandingPageTitleTest" time="0.32" classname="com.crm.qa.testcases.LandingPageTest"/>
  <testcase name="LogInBtnClickTest" time="7.602" classname="com.crm.qa.testcases.LandingPageTest"/>
  <testcase name="freeCRMLogoTest" time="0.488" classname="com.crm.qa.testcases.LandingPageTest"/>
</testsuite> <!-- Free CRM Test -->
